E000            ORG 0E000h
E000 3E90       MVI A,90h
E002 D30B       OUT 0Bh
E004 3E01       MVI A, 01h
E006 D309       MOSTRAR: OUT 09
E008 CD00E5     CALL DELAY
E00B 07         RLC 
E00C C306E0     JMP MOSTRAR
                
                
E500            ORG 0E500h
E500 0E03       DELAY: MVI C,03
E502 16FF       DELAY1: MVI D,0FFh
E504 1EFF       DELAY2: MVI E,0FFh
E506 1D         DELAY3: DCR E
E507 C206E5     JNZ DELAY3
E50A 15         DCR D
E50B C204E5     JNZ DELAY2
E50E 0D         DCR C
E50F C202E5     JNZ DELAY1
E512 C9         RET
----------------------------------------
TABLA DE SIMBOLOS
----------------------------------------
MOSTRAR	E006
DELAY	E500
DELAY1	E502
DELAY2	E504
DELAY3	E506

